[37m[main                ] - INFO  - tourGuide.TestPerformance          - ----------------------HightVolumeTrackLocation with 10 users-----------------------	
[m[37m[main                ] - INFO  - tourGuide.service.TourGuideService - TestMode enabled
[m[37m[main                ] - INFO  - tourGuide.service.TourGuideService - Initializing users
[m[37m[main                ] - INFO  - tourGuide.service.TourGuideService - Created 10  internal test users.
[m[37m[main                ] - INFO  - tourGuide.service.TourGuideService - Finished initializing users
[m[37m[pool-5-thread-1     ] - INFO  - tourGuide.tracker.Tracker          - Begin Tracker. Tracking 10 users. 
[m[36m[pool-5-thread-1     ] - DEBUG - tourGuide.tracker.Tracker          - [31m - tourGuideService.trackUserLocation (internalUser9)
[m[36m[pool-5-thread-1     ] - DEBUG - tourGuide.tracker.Tracker          - [31m - tourGuideService.trackUserLocation (internalUser8)
[m[36m[pool-4-thread-1     ] - DEBUG - tourGuide.service.TourGuideService - [32m - [3mtrackUserLocation(internalUser9)[0m
[m[36m[pool-5-thread-1     ] - DEBUG - tourGuide.tracker.Tracker          - [31m - tourGuideService.trackUserLocation (internalUser3)
[m[36m[pool-5-thread-1     ] - DEBUG - tourGuide.tracker.Tracker          - [31m - tourGuideService.trackUserLocation (internalUser2)
[m[36m[pool-4-thread-3     ] - DEBUG - tourGuide.service.TourGuideService - [32m - [3mtrackUserLocation(internalUser3)[0m
[m[36m[pool-5-thread-1     ] - DEBUG - tourGuide.tracker.Tracker          - [31m - tourGuideService.trackUserLocation (internalUser1)
[m[36m[pool-5-thread-1     ] - DEBUG - tourGuide.tracker.Tracker          - [31m - tourGuideService.trackUserLocation (internalUser0)
[m[36m[pool-4-thread-5     ] - DEBUG - tourGuide.service.TourGuideService - [32m - [3mtrackUserLocation(internalUser1)[0m
[m[36m[pool-4-thread-2     ] - DEBUG - tourGuide.service.TourGuideService - [32m - [3mtrackUserLocation(internalUser8)[0m
[m[36m[pool-5-thread-1     ] - DEBUG - tourGuide.tracker.Tracker          - [31m - tourGuideService.trackUserLocation (internalUser7)
[m[36m[pool-2-thread-3     ] - DEBUG - tourGuide.service.GpsUtilService   - [33m - gpstUtils.getUserLocation(internalUser1)
[m[36m[pool-4-thread-6     ] - DEBUG - tourGuide.service.TourGuideService - [32m - [3mtrackUserLocation(internalUser0)[0m
[m[36m[pool-4-thread-4     ] - DEBUG - tourGuide.service.TourGuideService - [32m - [3mtrackUserLocation(internalUser2)[0m
[m[36m[pool-2-thread-4     ] - DEBUG - tourGuide.service.GpsUtilService   - [33m - gpstUtils.getUserLocation(internalUser8)
[m[36m[pool-5-thread-1     ] - DEBUG - tourGuide.tracker.Tracker          - [31m - tourGuideService.trackUserLocation (internalUser6)
[m[36m[pool-4-thread-7     ] - DEBUG - tourGuide.service.TourGuideService - [32m - [3mtrackUserLocation(internalUser7)[0m
[m[36m[pool-2-thread-5     ] - DEBUG - tourGuide.service.GpsUtilService   - [33m - gpstUtils.getUserLocation(internalUser0)
[m[36m[pool-5-thread-1     ] - DEBUG - tourGuide.tracker.Tracker          - [31m - tourGuideService.trackUserLocation (internalUser5)
[m[36m[pool-4-thread-8     ] - DEBUG - tourGuide.service.TourGuideService - [32m - [3mtrackUserLocation(internalUser6)[0m
[m[36m[pool-2-thread-1     ] - DEBUG - tourGuide.service.GpsUtilService   - [33m - gpstUtils.getUserLocation(internalUser9)
[m[36m[pool-2-thread-2     ] - DEBUG - tourGuide.service.GpsUtilService   - [33m - gpstUtils.getUserLocation(internalUser3)
[m[36m[pool-5-thread-1     ] - DEBUG - tourGuide.tracker.Tracker          - [31m - tourGuideService.trackUserLocation (internalUser4)
[m[36m[pool-4-thread-9     ] - DEBUG - tourGuide.service.TourGuideService - [32m - [3mtrackUserLocation(internalUser5)[0m
[m[36m[pool-2-thread-7     ] - DEBUG - tourGuide.service.GpsUtilService   - [33m - gpstUtils.getUserLocation(internalUser7)
[m[36m[pool-2-thread-6     ] - DEBUG - tourGuide.service.GpsUtilService   - [33m - gpstUtils.getUserLocation(internalUser2)
[m[36m[main                ] - DEBUG - tourGuide.TestPerformance          - [36m - tourGuideService.trackUserLocation(internalUser9) 
[m[36m[pool-2-thread-9     ] - DEBUG - tourGuide.service.GpsUtilService   - [33m - gpstUtils.getUserLocation(internalUser5)
[m[37m[pool-5-thread-1     ] - INFO  - tourGuide.tracker.Tracker          - Tracker Time Elapsed: 0 seconds
[m[37m[pool-5-thread-1     ] - INFO  - tourGuide.tracker.Tracker          - Tracker sleeping
[m[36m[pool-4-thread-10    ] - DEBUG - tourGuide.service.TourGuideService - [32m - [3mtrackUserLocation(internalUser4)[0m
[m[36m[pool-2-thread-8     ] - DEBUG - tourGuide.service.GpsUtilService   - [33m - gpstUtils.getUserLocation(internalUser6)
[m[36m[main                ] - DEBUG - tourGuide.TestPerformance          - [36m - tourGuideService.trackUserLocation(internalUser8) 
[m[36m[pool-4-thread-11    ] - DEBUG - tourGuide.service.TourGuideService - [32m - [3mtrackUserLocation(internalUser9)[0m
[m[36m[pool-2-thread-10    ] - DEBUG - tourGuide.service.GpsUtilService   - [33m - gpstUtils.getUserLocation(internalUser4)
[m[36m[main                ] - DEBUG - tourGuide.TestPerformance          - [36m - tourGuideService.trackUserLocation(internalUser3) 
[m[36m[main                ] - DEBUG - tourGuide.TestPerformance          - [36m - tourGuideService.trackUserLocation(internalUser2) 
[m[36m[pool-4-thread-12    ] - DEBUG - tourGuide.service.TourGuideService - [32m - [3mtrackUserLocation(internalUser8)[0m
[m[36m[main                ] - DEBUG - tourGuide.TestPerformance          - [36m - tourGuideService.trackUserLocation(internalUser1) 
[m[36m[pool-4-thread-13    ] - DEBUG - tourGuide.service.TourGuideService - [32m - [3mtrackUserLocation(internalUser3)[0m
[m[36m[pool-2-thread-11    ] - DEBUG - tourGuide.service.GpsUtilService   - [33m - gpstUtils.getUserLocation(internalUser9)
[m[36m[pool-4-thread-14    ] - DEBUG - tourGuide.service.TourGuideService - [32m - [3mtrackUserLocation(internalUser2)[0m
[m[36m[main                ] - DEBUG - tourGuide.TestPerformance          - [36m - tourGuideService.trackUserLocation(internalUser0) 
[m[36m[pool-4-thread-15    ] - DEBUG - tourGuide.service.TourGuideService - [32m - [3mtrackUserLocation(internalUser1)[0m
[m[36m[pool-2-thread-14    ] - DEBUG - tourGuide.service.GpsUtilService   - [33m - gpstUtils.getUserLocation(internalUser2)
[m[36m[main                ] - DEBUG - tourGuide.TestPerformance          - [36m - tourGuideService.trackUserLocation(internalUser7) 
[m[36m[pool-4-thread-16    ] - DEBUG - tourGuide.service.TourGuideService - [32m - [3mtrackUserLocation(internalUser0)[0m
[m[36m[pool-2-thread-15    ] - DEBUG - tourGuide.service.GpsUtilService   - [33m - gpstUtils.getUserLocation(internalUser1)
[m[36m[pool-2-thread-13    ] - DEBUG - tourGuide.service.GpsUtilService   - [33m - gpstUtils.getUserLocation(internalUser3)
[m[36m[main                ] - DEBUG - tourGuide.TestPerformance          - [36m - tourGuideService.trackUserLocation(internalUser6) 
[m[36m[pool-4-thread-17    ] - DEBUG - tourGuide.service.TourGuideService - [32m - [3mtrackUserLocation(internalUser7)[0m
[m[36m[pool-2-thread-16    ] - DEBUG - tourGuide.service.GpsUtilService   - [33m - gpstUtils.getUserLocation(internalUser0)
[m[36m[main                ] - DEBUG - tourGuide.TestPerformance          - [36m - tourGuideService.trackUserLocation(internalUser5) 
[m[36m[pool-4-thread-18    ] - DEBUG - tourGuide.service.TourGuideService - [32m - [3mtrackUserLocation(internalUser6)[0m
[m[36m[pool-2-thread-17    ] - DEBUG - tourGuide.service.GpsUtilService   - [33m - gpstUtils.getUserLocation(internalUser7)
[m[36m[pool-2-thread-12    ] - DEBUG - tourGuide.service.GpsUtilService   - [33m - gpstUtils.getUserLocation(internalUser8)
[m[36m[main                ] - DEBUG - tourGuide.TestPerformance          - [36m - tourGuideService.trackUserLocation(internalUser4) 
[m[36m[pool-2-thread-18    ] - DEBUG - tourGuide.service.GpsUtilService   - [33m - gpstUtils.getUserLocation(internalUser6)
[m[36m[pool-4-thread-19    ] - DEBUG - tourGuide.service.TourGuideService - [32m - [3mtrackUserLocation(internalUser5)[0m
[m[36m[pool-4-thread-20    ] - DEBUG - tourGuide.service.TourGuideService - [32m - [3mtrackUserLocation(internalUser4)[0m
[m[36m[pool-2-thread-19    ] - DEBUG - tourGuide.service.GpsUtilService   - [33m - gpstUtils.getUserLocation(internalUser5)
[m[36m[pool-2-thread-20    ] - DEBUG - tourGuide.service.GpsUtilService   - [33m - gpstUtils.getUserLocation(internalUser4)
[m[36m[pool-2-thread-4     ] - DEBUG - tourGuide.service.GpsUtilService   - [33m - tourGuideService.saveTrackedUserLocation(internalUser8,gpsUtil.location.VisitedLocation@1c0e9814)
[m[36m[pool-2-thread-4     ] - DEBUG - tourGuide.service.RewardsService   - [35m - calculateRewards(internalUser8) 
[m[36m[pool-2-thread-5     ] - DEBUG - tourGuide.service.GpsUtilService   - [33m - tourGuideService.saveTrackedUserLocation(internalUser0,gpsUtil.location.VisitedLocation@255ba65e)
[m[36m[pool-2-thread-5     ] - DEBUG - tourGuide.service.RewardsService   - [35m - calculateRewards(internalUser0) 
[m[36m[pool-2-thread-20    ] - DEBUG - tourGuide.service.GpsUtilService   - [33m - tourGuideService.saveTrackedUserLocation(internalUser4,gpsUtil.location.VisitedLocation@45c9b399)
[m[36m[pool-2-thread-9     ] - DEBUG - tourGuide.service.GpsUtilService   - [33m - tourGuideService.saveTrackedUserLocation(internalUser5,gpsUtil.location.VisitedLocation@7aa31dd8)
[m[36m[pool-2-thread-9     ] - DEBUG - tourGuide.service.RewardsService   - [35m - calculateRewards(internalUser5) 
[m[36m[pool-2-thread-20    ] - DEBUG - tourGuide.service.RewardsService   - [35m - calculateRewards(internalUser4) 
[m[36m[pool-2-thread-13    ] - DEBUG - tourGuide.service.GpsUtilService   - [33m - tourGuideService.saveTrackedUserLocation(internalUser3,gpsUtil.location.VisitedLocation@42cc8ad1)
[m[36m[pool-2-thread-13    ] - DEBUG - tourGuide.service.RewardsService   - [35m - calculateRewards(internalUser3) 
[m[36m[pool-2-thread-16    ] - DEBUG - tourGuide.service.GpsUtilService   - [33m - tourGuideService.saveTrackedUserLocation(internalUser0,gpsUtil.location.VisitedLocation@633309de)
[m[36m[pool-2-thread-16    ] - DEBUG - tourGuide.service.RewardsService   - [35m - calculateRewards(internalUser0) 
[m[36m[pool-2-thread-10    ] - DEBUG - tourGuide.service.GpsUtilService   - [33m - tourGuideService.saveTrackedUserLocation(internalUser4,gpsUtil.location.VisitedLocation@59a32f1)
[m[36m[pool-2-thread-10    ] - DEBUG - tourGuide.service.RewardsService   - [35m - calculateRewards(internalUser4) 
[m[36m[pool-2-thread-17    ] - DEBUG - tourGuide.service.GpsUtilService   - [33m - tourGuideService.saveTrackedUserLocation(internalUser7,gpsUtil.location.VisitedLocation@7c13d9fa)
[m[36m[pool-2-thread-17    ] - DEBUG - tourGuide.service.RewardsService   - [35m - calculateRewards(internalUser7) 
[m[36m[pool-2-thread-11    ] - DEBUG - tourGuide.service.GpsUtilService   - [33m - tourGuideService.saveTrackedUserLocation(internalUser9,gpsUtil.location.VisitedLocation@3bc6e5bf)
[m[36m[pool-2-thread-11    ] - DEBUG - tourGuide.service.RewardsService   - [35m - calculateRewards(internalUser9) 
[m[36m[pool-2-thread-2     ] - DEBUG - tourGuide.service.GpsUtilService   - [33m - tourGuideService.saveTrackedUserLocation(internalUser3,gpsUtil.location.VisitedLocation@1c89e366)
[m[36m[pool-2-thread-2     ] - DEBUG - tourGuide.service.RewardsService   - [35m - calculateRewards(internalUser3) 
[m[36m[pool-2-thread-1     ] - DEBUG - tourGuide.service.GpsUtilService   - [33m - tourGuideService.saveTrackedUserLocation(internalUser9,gpsUtil.location.VisitedLocation@b892fd9)
[m[36m[pool-2-thread-1     ] - DEBUG - tourGuide.service.RewardsService   - [35m - calculateRewards(internalUser9) 
[m[36m[pool-2-thread-3     ] - DEBUG - tourGuide.service.GpsUtilService   - [33m - tourGuideService.saveTrackedUserLocation(internalUser1,gpsUtil.location.VisitedLocation@1fcebf04)
[m[36m[pool-2-thread-3     ] - DEBUG - tourGuide.service.RewardsService   - [35m - calculateRewards(internalUser1) 
[m[36m[pool-2-thread-18    ] - DEBUG - tourGuide.service.GpsUtilService   - [33m - tourGuideService.saveTrackedUserLocation(internalUser6,gpsUtil.location.VisitedLocation@35c70a8b)
[m[36m[pool-2-thread-18    ] - DEBUG - tourGuide.service.RewardsService   - [35m - calculateRewards(internalUser6) 
[m[36m[pool-2-thread-19    ] - DEBUG - tourGuide.service.GpsUtilService   - [33m - tourGuideService.saveTrackedUserLocation(internalUser5,gpsUtil.location.VisitedLocation@391a59bc)
[m[36m[pool-2-thread-19    ] - DEBUG - tourGuide.service.RewardsService   - [35m - calculateRewards(internalUser5) 
[m[36m[pool-2-thread-14    ] - DEBUG - tourGuide.service.GpsUtilService   - [33m - tourGuideService.saveTrackedUserLocation(internalUser2,gpsUtil.location.VisitedLocation@143696ba)
[m[36m[pool-2-thread-14    ] - DEBUG - tourGuide.service.RewardsService   - [35m - calculateRewards(internalUser2) 
[m[36m[pool-2-thread-6     ] - DEBUG - tourGuide.service.GpsUtilService   - [33m - tourGuideService.saveTrackedUserLocation(internalUser2,gpsUtil.location.VisitedLocation@6cf3ce9e)
[m[36m[pool-2-thread-6     ] - DEBUG - tourGuide.service.RewardsService   - [35m - calculateRewards(internalUser2) 
[m[36m[pool-2-thread-7     ] - DEBUG - tourGuide.service.GpsUtilService   - [33m - tourGuideService.saveTrackedUserLocation(internalUser7,gpsUtil.location.VisitedLocation@7942b62a)
[m[36m[pool-2-thread-7     ] - DEBUG - tourGuide.service.RewardsService   - [35m - calculateRewards(internalUser7) 
[m[36m[pool-2-thread-15    ] - DEBUG - tourGuide.service.GpsUtilService   - [33m - tourGuideService.saveTrackedUserLocation(internalUser1,gpsUtil.location.VisitedLocation@4e86dbff)
[m[36m[pool-2-thread-15    ] - DEBUG - tourGuide.service.RewardsService   - [35m - calculateRewards(internalUser1) 
[m[36m[pool-2-thread-8     ] - DEBUG - tourGuide.service.GpsUtilService   - [33m - tourGuideService.saveTrackedUserLocation(internalUser6,gpsUtil.location.VisitedLocation@7c36c1a3)
[m[36m[pool-2-thread-8     ] - DEBUG - tourGuide.service.RewardsService   - [35m - calculateRewards(internalUser6) 
[m[36m[pool-2-thread-12    ] - DEBUG - tourGuide.service.GpsUtilService   - [33m - tourGuideService.saveTrackedUserLocation(internalUser8,gpsUtil.location.VisitedLocation@18a145b4)
[m[36m[pool-2-thread-12    ] - DEBUG - tourGuide.service.RewardsService   - [35m - calculateRewards(internalUser8) 
[m[37m[main                ] - INFO  - tourGuide.TestPerformance          - highVolumeTrackLocation: Time Elapsed: 0 seconds
[m